2: D [2018-03-11 01:45:02.215] Created log file: C:\Users\Caine\Desktop\GitHub Bots\KnowsKones\Profiles\th11\Logs\2018-03-11_01.45.02.log
2: D [2018-03-11 01:45:02.215] Android: Nox
2: D [2018-03-11 01:45:02.216] Android Instance: nox
2: D [2018-03-11 01:45:02.216] Android Version: 
2: D [2018-03-11 01:45:02.217] Android Version API: 17
2: D [2018-03-11 01:45:02.217] Android ADB Device: 127.0.0.1:62001
2: D [2018-03-11 01:45:02.217] Android Program Path: 
2: D [2018-03-11 01:45:02.218] Android Program FileVersionInfo: not available
2: D [2018-03-11 01:45:02.218] Android ADB Path: 
2: D [2018-03-11 01:45:02.218] Android VBoxManage Path: 
2: D [2018-03-11 01:45:02.219] Android ADB Shared Folder: 
2: D [2018-03-11 01:45:02.219] Full Command Line: 0
2: D [2018-03-11 01:45:02.219] @AutoItExe: C:\Program Files (x86)\AutoIt3\AutoIt3.exe
2: D [2018-03-11 01:45:02.220] @ScriptFullPath: C:\Users\Caine\Desktop\GitHub Bots\KnowsKones\MyBot.run.au3
2: D [2018-03-11 01:45:02.220] @WorkingDir: C:\Users\Caine\Desktop\GitHub Bots\KnowsKones\lib
2: D [2018-03-11 01:45:02.220] @AutoItPID: 8764
2: D [2018-03-11 01:45:02.221] @OSArch: X64
2: D [2018-03-11 01:45:02.221] @OSVersion: WIN_7
2: D [2018-03-11 01:45:02.221] @OSBuild: 7601
2: D [2018-03-11 01:45:02.222] @OSServicePack: Service Pack 1
2: D [2018-03-11 01:45:02.222] Primary Display: 1600 x 900 - 32bit
2: D [2018-03-11 01:45:02.213] SetupProfileFolder: C:\Users\Caine\Desktop\GitHub Bots\KnowsKones\Profiles\th10
2: D [2018-03-11 01:45:02.232] readConfig(), call number 4
2: D [2018-03-11 01:45:02.242] Read Building Config C:\Users\Caine\Desktop\GitHub Bots\KnowsKones\Profiles\th10\building.ini
2: D [2018-03-11 01:45:02.254] Read Config C:\Users\Caine\Desktop\GitHub Bots\KnowsKones\Profiles\th10\config.ini
2: D [2018-03-11 01:45:02.381] applyConfig(), call number 3
2: D [2018-03-11 01:45:02.382] Threading: Using 1 threads for parallelism
2: D [2018-03-11 01:45:02.382] Threading: Using 1 threads shared across all bot instances
2: D [2018-03-11 01:45:02.384] Disable MyBot Window Redraw: applyConfig
2: D [2018-03-11 01:45:02.386] Bot title updated to: My Bot v7.4.4 - Persian MOD v2.4.4 - (nox)
2: D [2018-03-11 01:45:02.903] Redraw MyBot Window: applyConfig
2: D [2018-03-11 01:45:02.924] saveConfig(), call number 6
2: D [2018-03-11 01:45:02.936] Save Building Config C:\Users\Caine\Desktop\GitHub Bots\KnowsKones\Profiles\th10\building.ini
2: D [2018-03-11 01:45:02.957] Save Config C:\Users\Caine\Desktop\GitHub Bots\KnowsKones\Profiles\th10\config.ini
2: L [2018-03-11 01:45:02.959] Nox (nox) unsupported Graphics Engine / Render Mode, using OpenGL/ADB screencap
2: D [2018-03-11 01:45:02.961] Enable ADB screencap for Background Mode
2: D [2018-03-11 01:45:03.202] SaveConfig(), time = 0.28 sec
2: L [2018-03-11 01:45:03.372] Profile th10 loaded from C:\Users\Caine\Desktop\GitHub Bots\KnowsKones\Profiles\th10\config.ini
2: D [2018-03-11 01:45:13.157] saveConfig(), call number 7
2: D [2018-03-11 01:45:13.168] Save Building Config C:\Users\Caine\Desktop\GitHub Bots\KnowsKones\Profiles\th10\building.ini
2: D [2018-03-11 01:45:13.188] Save Config C:\Users\Caine\Desktop\GitHub Bots\KnowsKones\Profiles\th10\config.ini
2: L [2018-03-11 01:45:13.190] Nox (nox) unsupported Graphics Engine / Render Mode, using OpenGL/ADB screencap
2: D [2018-03-11 01:45:13.190] Enable ADB screencap for Background Mode
2: D [2018-03-11 01:45:13.438] SaveConfig(), time = 0.28 sec
2: D [2018-03-11 01:45:13.601] SetupProfileFolder: C:\Users\Caine\Desktop\GitHub Bots\KnowsKones\Profiles\th9
2: L [2018-03-11 01:45:13.604] New Profile 'th9' created
2: D [2018-03-11 01:45:13.606] Profiles found: MyVillage|th10|th11|th9
2: D [2018-03-11 01:45:28.230] Disable MyBot Window Redraw: SetComboTroopComp
2: D [2018-03-11 01:45:28.238] Redraw MyBot Window: SetComboTroopComp
2: D [2018-03-11 01:45:29.588] Disable MyBot Window Redraw: TotalSpellCountClick
2: D [2018-03-11 01:45:29.591] Redraw MyBot Window: TotalSpellCountClick
2: D [2018-03-11 01:46:12.721] saveConfig(), call number 8
2: D [2018-03-11 01:46:12.732] Save Building Config C:\Users\Caine\Desktop\GitHub Bots\KnowsKones\Profiles\th9\building.ini
2: D [2018-03-11 01:46:12.752] Save Config C:\Users\Caine\Desktop\GitHub Bots\KnowsKones\Profiles\th9\config.ini
2: L [2018-03-11 01:46:12.754] Nox (nox) unsupported Graphics Engine / Render Mode, using OpenGL/ADB screencap
2: D [2018-03-11 01:46:12.755] Enable ADB screencap for Background Mode
2: D [2018-03-11 01:46:12.975] SaveConfig(), time = 0.27 sec
2: D [2018-03-11 01:46:13.133] SetupProfileFolder: C:\Users\Caine\Desktop\GitHub Bots\KnowsKones\Profiles\DE
2: L [2018-03-11 01:46:13.135] New Profile 'DE' created
2: D [2018-03-11 01:46:13.136] Profiles found: DE|MyVillage|th10|th11|th9
2: D [2018-03-11 01:46:27.558] Disable MyBot Window Redraw: SetComboTroopComp
2: D [2018-03-11 01:46:27.566] Redraw MyBot Window: SetComboTroopComp
2: D [2018-03-11 01:46:40.051] Disable MyBot Window Redraw: TotalSpellCountClick
2: D [2018-03-11 01:46:40.054] Redraw MyBot Window: TotalSpellCountClick
2: D [2018-03-11 01:47:52.310] HideAndroidWindow: False, False, True, GUIControl_WM_ACTIVATEAPP->ShowAndroidWindow
2: D [2018-03-11 01:47:52.311] HideAndroidWindow: False, False, True, GUIControl_WM_ACTIVATEAPP->ShowAndroidWindow
2: D [2018-03-11 01:47:52.311] HideAndroidWindow: False, False, True, GUIControl_WM_ACTIVATEAPP->ShowAndroidWindow
2: L [2018-03-11 01:49:26.254] Closing My Bot v7.4.4 - Persian MOD v2.4.4 - (nox), please wait ...
2: L [2018-03-11 01:49:26.384] Closing My Bot v7.4.4 - Persian MOD v2.4.4 - (nox) now ...
2: D [2018-03-11 01:49:26.387] Aquire Mutex for Profile: DE
2: D [2018-03-11 01:49:26.387] SetupProfileFolder: C:\Users\Caine\Desktop\GitHub Bots\KnowsKones\Profiles\DE
2: D [2018-03-11 01:49:26.392] saveConfig(), call number 9
2: D [2018-03-11 01:49:26.404] Save Building Config C:\Users\Caine\Desktop\GitHub Bots\KnowsKones\Profiles\DE\building.ini
2: D [2018-03-11 01:49:26.425] Save Config C:\Users\Caine\Desktop\GitHub Bots\KnowsKones\Profiles\DE\config.ini
2: L [2018-03-11 01:49:26.427] Nox (nox) unsupported Graphics Engine / Render Mode, using OpenGL/ADB screencap
2: D [2018-03-11 01:49:26.427] Enable ADB screencap for Background Mode
2: D [2018-03-11 01:49:26.652] SaveConfig(), time = 0.27 sec
2: D [2018-03-11 01:49:26.824] Searching Nox Window: Title = 'No', Class = '[CLASS:subWin; INSTANCE:1]', Text = ''
2: D [2018-03-11 01:49:26.825] Nox (nox) Window not found in list
2: D [2018-03-11 01:49:26.825] Android Emulator not launched
2: D [2018-03-11 01:49:26.828] Android Emulator not launched
2: D [2018-03-11 01:49:26.831] AndroidToFront: Source BotClose
2: D [2018-03-11 01:49:26.832] Release Mutex for Profile: MyVillage
2: D [2018-03-11 01:49:26.832] Release Mutex for Profile: th10
2: D [2018-03-11 01:49:26.833] Release Mutex for Profile: DE
0: D [2018-03-11 01:49:26.971] Bot Host Window Handle un-registered: 0x00031D16
